Determining if the pthread_create exist failed with the following output:
Change Dir: /home/fpr/fibre-printing-robot/catkin_ws/build/CMakeFiles/CMakeTmp

Run Build Command:"/usr/bin/make" "cmTC_936fb/fast"
/usr/bin/make -f CMakeFiles/cmTC_936fb.dir/build.make CMakeFiles/cmTC_936fb.dir/build
make[1]: Entering directory '/home/fpr/fibre-printing-robot/catkin_ws/build/CMakeFiles/CMakeTmp'
Building C object CMakeFiles/cmTC_936fb.dir/CheckSymbolExists.c.o
/usr/bin/cc    -o CMakeFiles/cmTC_936fb.dir/CheckSymbolExists.c.o   -c /home/fpr/fibre-printing-robot/catkin_ws/build/CMakeFiles/CMakeTmp/CheckSymbolExists.c
Linking C executable cmTC_936fb
/usr/bin/cmake -E cmake_link_script CMakeFiles/cmTC_936fb.dir/link.txt --verbose=1
/usr/bin/cc      -rdynamic CMakeFiles/cmTC_936fb.dir/CheckSymbolExists.c.o  -o cmTC_936fb 
CMakeFiles/cmTC_936fb.dir/CheckSymbolExists.c.o: In function `main':
CheckSymbolExists.c:(.text+0x14): undefined reference to `pthread_create'
CheckSymbolExists.c:(.text+0x18): undefined reference to `pthread_create'
collect2: error: ld returned 1 exit status
CMakeFiles/cmTC_936fb.dir/build.make:97: recipe for target 'cmTC_936fb' failed
make[1]: *** [cmTC_936fb] Error 1
make[1]: Leaving directory '/home/fpr/fibre-printing-robot/catkin_ws/build/CMakeFiles/CMakeTmp'
Makefile:126: recipe for target 'cmTC_936fb/fast' failed
make: *** [cmTC_936fb/fast] Error 2

File /home/fpr/fibre-printing-robot/catkin_ws/build/CMakeFiles/CMakeTmp/CheckSymbolExists.c:
/* */
#include <pthread.h>

int main(int argc, char** argv)
{
  (void)argv;
#ifndef pthread_create
  return ((int*)(&pthread_create))[argc];
#else
  (void)argc;
  return 0;
#endif
}

Determining if the function pthread_create exists in the pthreads failed with the following output:
Change Dir: /home/fpr/fibre-printing-robot/catkin_ws/build/CMakeFiles/CMakeTmp

Run Build Command:"/usr/bin/make" "cmTC_c6607/fast"
/usr/bin/make -f CMakeFiles/cmTC_c6607.dir/build.make CMakeFiles/cmTC_c6607.dir/build
make[1]: Entering directory '/home/fpr/fibre-printing-robot/catkin_ws/build/CMakeFiles/CMakeTmp'
Building C object CMakeFiles/cmTC_c6607.dir/CheckFunctionExists.c.o
/usr/bin/cc   -DCHECK_FUNCTION_EXISTS=pthread_create   -o CMakeFiles/cmTC_c6607.dir/CheckFunctionExists.c.o   -c /usr/share/cmake-3.10/Modules/CheckFunctionExists.c
Linking C executable cmTC_c6607
/usr/bin/cmake -E cmake_link_script CMakeFiles/cmTC_c6607.dir/link.txt --verbose=1
/usr/bin/cc  -DCHECK_FUNCTION_EXISTS=pthread_create    -rdynamic CMakeFiles/cmTC_c6607.dir/CheckFunctionExists.c.o  -o cmTC_c6607 -lpthreads 
/usr/bin/ld: cannot find -lpthreads
collect2: error: ld returned 1 exit status
CMakeFiles/cmTC_c6607.dir/build.make:97: recipe for target 'cmTC_c6607' failed
make[1]: *** [cmTC_c6607] Error 1
make[1]: Leaving directory '/home/fpr/fibre-printing-robot/catkin_ws/build/CMakeFiles/CMakeTmp'
Makefile:126: recipe for target 'cmTC_c6607/fast' failed
make: *** [cmTC_c6607/fast] Error 2


